Using pre-set license
Built from '2020.2/staging' branch; Version is '2020.2.6f1 (8a2143876886) revision 9052483'; Using compiler version '192528614'; Build Type 'Release'
OS: 'Windows 10 Home; OS build 19042.1288; Version 2009; 64bit' Language: 'en' Physical Memory: 32717 MB
BatchMode: 1, IsHumanControllingUs: 0, StartBugReporterOnCrash: 0, Is64bit: 1, IsPro: 0

 COMMAND LINE ARGUMENTS:
C:\Program Files\Unity\Hub\Editor\2020.2.6f1\Editor\Unity.exe
-adb2
-batchMode
-noUpm
-name
AssetImportWorker0
-projectPath
C:/Users/logan/Documents/GitHub/Survival Adventure/3D Survival Adventure
-logFile
Logs/AssetImportWorker0.log
-srvPort
51172
Successfully changed project path to: C:/Users/logan/Documents/GitHub/Survival Adventure/3D Survival Adventure
C:/Users/logan/Documents/GitHub/Survival Adventure/3D Survival Adventure
Using Asset Import Pipeline V2.
Refreshing native plugins compatible for Editor in 54.06 ms, found 0 plugins.
Preloading 0 native plugins for Editor in 0.00 ms.
Initialize engine version: 2020.2.6f1 (8a2143876886)
[Subsystems] Discovering subsystems at path C:/Program Files/Unity/Hub/Editor/2020.2.6f1/Editor/Data/Resources/UnitySubsystems
[Subsystems] Discovering subsystems at path C:/Users/logan/Documents/GitHub/Survival Adventure/3D Survival Adventure/Assets
GfxDevice: creating device client; threaded=0
Direct3D:
    Version:  Direct3D 11.0 [level 11.1]
    Renderer: NVIDIA GeForce RTX 2080 SUPER (ID=0x1e81)
    Vendor:   
    VRAM:     8010 MB
    Driver:   27.21.14.5751
Initialize mono
Mono path[0] = 'C:/Program Files/Unity/Hub/Editor/2020.2.6f1/Editor/Data/Managed'
Mono path[1] = 'C:/Program Files/Unity/Hub/Editor/2020.2.6f1/Editor/Data/MonoBleedingEdge/lib/mono/unityjit'
Mono config path = 'C:/Program Files/Unity/Hub/Editor/2020.2.6f1/Editor/Data/MonoBleedingEdge/etc'
Using monoOptions --debugger-agent=transport=dt_socket,embedding=1,server=y,suspend=n,address=127.0.0.1:56680
Begin MonoManager ReloadAssembly
Registering precompiled unity dll's ...
Register platform support module: C:/Program Files/Unity/Hub/Editor/2020.2.6f1/Editor/Data/PlaybackEngines/WebGLSupport/UnityEditor.WebGL.Extensions.dll
Register platform support module: C:/Program Files/Unity/Hub/Editor/2020.2.6f1/Editor/Data/PlaybackEngines/WindowsStandaloneSupport/UnityEditor.WindowsStandalone.Extensions.dll
Registered in 0.001832 seconds.
Native extension for WindowsStandalone target not found
Native extension for WebGL target not found
Refreshing native plugins compatible for Editor in 51.29 ms, found 0 plugins.
Preloading 0 native plugins for Editor in 0.00 ms.
Invoked RoslynAnalysisRunner static constructor.
RoslynAnalysisRunner will not be running.
RoslynAnalysisRunner has terminated.
Mono: successfully reloaded assembly
- Completed reload, in  1.524 seconds
Platform modules already initialized, skipping
Registering precompiled user dll's ...
Registered in 0.004017 seconds.
Begin MonoManager ReloadAssembly
Native extension for WindowsStandalone target not found
Native extension for WebGL target not found
Refreshing native plugins compatible for Editor in 53.84 ms, found 0 plugins.
Preloading 0 native plugins for Editor in 0.00 ms.
Invoked RoslynAnalysisRunner static constructor.
RoslynAnalysisRunner will not be running.
RoslynAnalysisRunner has terminated.
Mono: successfully reloaded assembly
- Completed reload, in  0.834 seconds
Platform modules already initialized, skipping
========================================================================
Worker process is ready to serve import requests
Shader 'Universal Render Pipeline/Particles/Lit': fallback shader 'Universal Render Pipeline/Particles/SimpleLit' not found
Shader 'Universal Render Pipeline/Particles/Lit': fallback shader 'Universal Render Pipeline/Particles/SimpleLit' not found
Launched and connected shader compiler UnityShaderCompiler.exe after 0.05 seconds
Refreshing native plugins compatible for Editor in 0.81 ms, found 0 plugins.
Preloading 0 native plugins for Editor in 0.00 ms.
Unloading 2898 Unused Serialized files (Serialized files now loaded: 0)
System memory in use before: 132.4 MB.
System memory in use after: 130.5 MB.

Unloading 54 unused Assets to reduce memory usage. Loaded Objects now: 3313.
Total: 3.613500 ms (FindLiveObjects: 0.400100 ms CreateObjectMapping: 0.078800 ms MarkObjects: 1.993500 ms  DeleteObjects: 1.139700 ms)

========================================================================
Received Import Request.
  path: Assets/Render Pipeline/Scenes
  artifactKey: Guid(395c6ab133a131b45a52817ba2d7b508) Importer(815301076,1909f56bfc062723c751e8b465ee728b)
Start importing Assets/Render Pipeline/Scenes using Guid(395c6ab133a131b45a52817ba2d7b508) Importer(815301076,1909f56bfc062723c751e8b465ee728b)  -> (artifact id: 'a5d6af74ac46237b07bd0e306a68b382') in 0.009960 seconds
  Import took 0.014562 seconds .

========================================================================
Received Import Request.
  Time since last request: 1.519122 seconds.
  path: Assets/_Scenes/GameMap.unity
  artifactKey: Guid(5d96a4df5f37f674f92c9f1028d09e49) Importer(815301076,1909f56bfc062723c751e8b465ee728b)
Start importing Assets/_Scenes/GameMap.unity using Guid(5d96a4df5f37f674f92c9f1028d09e49) Importer(815301076,1909f56bfc062723c751e8b465ee728b)  -> (artifact id: 'f70a0cd99dacf1b32bbfa738fbf377b5') in 0.015119 seconds
  Import took 0.019971 seconds .

========================================================================
Received Import Request.
  Time since last request: 714.467955 seconds.
  path: Assets/_Scripts/Procedural Generationn/EndlessTerrain.cs
  artifactKey: Guid(0dcd702c152613f4395ac1720073bcd7) Importer(815301076,1909f56bfc062723c751e8b465ee728b)
Start importing Assets/_Scripts/Procedural Generationn/EndlessTerrain.cs using Guid(0dcd702c152613f4395ac1720073bcd7) Importer(815301076,1909f56bfc062723c751e8b465ee728b)  -> (artifact id: '9ba1247e1c17b039463def0641d3b95d') in 0.021813 seconds
  Import took 0.026877 seconds .

========================================================================
Received Import Request.
  Time since last request: 39.967223 seconds.
  path: Assets/_Scripts/Procedural Generationn/EndlessTerrain.cs
  artifactKey: Guid(0dcd702c152613f4395ac1720073bcd7) Importer(815301076,1909f56bfc062723c751e8b465ee728b)
Start importing Assets/_Scripts/Procedural Generationn/EndlessTerrain.cs using Guid(0dcd702c152613f4395ac1720073bcd7) Importer(815301076,1909f56bfc062723c751e8b465ee728b)  -> (artifact id: '603d14cc89848d562c57e43e61153e84') in 0.002099 seconds
  Import took 0.007140 seconds .

========================================================================
Received Import Request.
  Time since last request: 12.825489 seconds.
  path: Assets/_Scripts/Procedural Generationn/EndlessTerrain.cs
  artifactKey: Guid(0dcd702c152613f4395ac1720073bcd7) Importer(815301076,1909f56bfc062723c751e8b465ee728b)
Start importing Assets/_Scripts/Procedural Generationn/EndlessTerrain.cs using Guid(0dcd702c152613f4395ac1720073bcd7) Importer(815301076,1909f56bfc062723c751e8b465ee728b)  -> (artifact id: 'dda3222c1bc72057a5b1c443c998cab4') in 0.002055 seconds
  Import took 0.006929 seconds .

========================================================================
Received Import Request.
  Time since last request: 18.392921 seconds.
  path: Assets/_Scripts/Procedural Generationn/EndlessTerrain.cs
  artifactKey: Guid(0dcd702c152613f4395ac1720073bcd7) Importer(815301076,1909f56bfc062723c751e8b465ee728b)
Start importing Assets/_Scripts/Procedural Generationn/EndlessTerrain.cs using Guid(0dcd702c152613f4395ac1720073bcd7) Importer(815301076,1909f56bfc062723c751e8b465ee728b)  -> (artifact id: '42429b7f1ad3f66ede6b294aa484cda6') in 0.002816 seconds
  Import took 0.007841 seconds .

========================================================================
Received Import Request.
  Time since last request: 10.704440 seconds.
  path: Assets/_Scripts/Procedural Generationn/EndlessTerrain.cs
  artifactKey: Guid(0dcd702c152613f4395ac1720073bcd7) Importer(815301076,1909f56bfc062723c751e8b465ee728b)
Start importing Assets/_Scripts/Procedural Generationn/EndlessTerrain.cs using Guid(0dcd702c152613f4395ac1720073bcd7) Importer(815301076,1909f56bfc062723c751e8b465ee728b)  -> (artifact id: '3a3d5ae7fefd7fd785907df38389834d') in 0.002682 seconds
  Import took 0.008950 seconds .

========================================================================
Received Import Request.
  Time since last request: 19.776223 seconds.
  path: Assets/_Scripts/Procedural Generationn/EndlessTerrain.cs
  artifactKey: Guid(0dcd702c152613f4395ac1720073bcd7) Importer(815301076,1909f56bfc062723c751e8b465ee728b)
Start importing Assets/_Scripts/Procedural Generationn/EndlessTerrain.cs using Guid(0dcd702c152613f4395ac1720073bcd7) Importer(815301076,1909f56bfc062723c751e8b465ee728b)  -> (artifact id: '68bbeba379559512183cbf60423ea8b8') in 0.002204 seconds
  Import took 0.006913 seconds .

========================================================================
Received Import Request.
  Time since last request: 11.904455 seconds.
  path: Assets/_Scripts/Procedural Generationn/EndlessTerrain.cs
  artifactKey: Guid(0dcd702c152613f4395ac1720073bcd7) Importer(815301076,1909f56bfc062723c751e8b465ee728b)
Start importing Assets/_Scripts/Procedural Generationn/EndlessTerrain.cs using Guid(0dcd702c152613f4395ac1720073bcd7) Importer(815301076,1909f56bfc062723c751e8b465ee728b)  -> (artifact id: '25ed8c0efa169889b987fe0b20b4bc12') in 0.002757 seconds
  Import took 0.008894 seconds .

========================================================================
Received Import Request.
  Time since last request: 109.668601 seconds.
  path: Assets/_Scripts/Procedural Generationn/EndlessTerrain.cs
  artifactKey: Guid(0dcd702c152613f4395ac1720073bcd7) Importer(815301076,1909f56bfc062723c751e8b465ee728b)
Start importing Assets/_Scripts/Procedural Generationn/EndlessTerrain.cs using Guid(0dcd702c152613f4395ac1720073bcd7) Importer(815301076,1909f56bfc062723c751e8b465ee728b)  -> (artifact id: '972a51b15700e9d3a1b8b1ca812ef1e6') in 0.002339 seconds
  Import took 0.007514 seconds .

========================================================================
Received Import Request.
  Time since last request: 26.109884 seconds.
  path: Assets/_Scripts/Procedural Generationn/EndlessTerrain.cs
  artifactKey: Guid(0dcd702c152613f4395ac1720073bcd7) Importer(815301076,1909f56bfc062723c751e8b465ee728b)
Start importing Assets/_Scripts/Procedural Generationn/EndlessTerrain.cs using Guid(0dcd702c152613f4395ac1720073bcd7) Importer(815301076,1909f56bfc062723c751e8b465ee728b)  -> (artifact id: '40c7adfa607facda7277445eb8c42bc0') in 0.002180 seconds
  Import took 0.007355 seconds .

========================================================================
Received Import Request.
  Time since last request: 35.293516 seconds.
  path: Assets/_Scripts/Procedural Generationn/EndlessTerrain.cs
  artifactKey: Guid(0dcd702c152613f4395ac1720073bcd7) Importer(815301076,1909f56bfc062723c751e8b465ee728b)
Start importing Assets/_Scripts/Procedural Generationn/EndlessTerrain.cs using Guid(0dcd702c152613f4395ac1720073bcd7) Importer(815301076,1909f56bfc062723c751e8b465ee728b)  -> (artifact id: '08592f1af0380b97d085b3df0ebf26b3') in 0.002258 seconds
  Import took 0.007265 seconds .

========================================================================
Received Import Request.
  Time since last request: 210.319513 seconds.
  path: Assets/_Scripts/Procedural Generationn/EndlessTerrain.cs
  artifactKey: Guid(0dcd702c152613f4395ac1720073bcd7) Importer(815301076,1909f56bfc062723c751e8b465ee728b)
Start importing Assets/_Scripts/Procedural Generationn/EndlessTerrain.cs using Guid(0dcd702c152613f4395ac1720073bcd7) Importer(815301076,1909f56bfc062723c751e8b465ee728b)  -> (artifact id: 'e1c6a7ea57d0b874013d9a1cb13f4962') in 0.002259 seconds
  Import took 0.007043 seconds .

========================================================================
Received Import Request.
  Time since last request: 61.090598 seconds.
  path: Assets/_Scripts/Procedural Generationn/EndlessTerrain.cs
  artifactKey: Guid(0dcd702c152613f4395ac1720073bcd7) Importer(815301076,1909f56bfc062723c751e8b465ee728b)
Start importing Assets/_Scripts/Procedural Generationn/EndlessTerrain.cs using Guid(0dcd702c152613f4395ac1720073bcd7) Importer(815301076,1909f56bfc062723c751e8b465ee728b)  -> (artifact id: '3ed4b7a50545c865ca0feea8ab3862f2') in 0.002424 seconds
  Import took 0.007794 seconds .

========================================================================
Received Import Request.
  Time since last request: 15.524266 seconds.
  path: Assets/_Scripts/Procedural Generationn/EndlessTerrain.cs
  artifactKey: Guid(0dcd702c152613f4395ac1720073bcd7) Importer(815301076,1909f56bfc062723c751e8b465ee728b)
Start importing Assets/_Scripts/Procedural Generationn/EndlessTerrain.cs using Guid(0dcd702c152613f4395ac1720073bcd7) Importer(815301076,1909f56bfc062723c751e8b465ee728b)  -> (artifact id: 'f7179746eca70f3781e0d9e3d9747bd0') in 0.002526 seconds
  Import took 0.007556 seconds .

========================================================================
Received Import Request.
  Time since last request: 68.234834 seconds.
  path: Assets/_Scripts/Procedural Generationn/EndlessTerrain.cs
  artifactKey: Guid(0dcd702c152613f4395ac1720073bcd7) Importer(815301076,1909f56bfc062723c751e8b465ee728b)
Start importing Assets/_Scripts/Procedural Generationn/EndlessTerrain.cs using Guid(0dcd702c152613f4395ac1720073bcd7) Importer(815301076,1909f56bfc062723c751e8b465ee728b)  -> (artifact id: 'd77999684c9bb410d4052a529e27dc0b') in 0.002202 seconds
  Import took 0.006988 seconds .

========================================================================
Received Import Request.
  Time since last request: 46.843362 seconds.
  path: Assets/_Scripts/Procedural Generationn/EndlessTerrain.cs
  artifactKey: Guid(0dcd702c152613f4395ac1720073bcd7) Importer(815301076,1909f56bfc062723c751e8b465ee728b)
Start importing Assets/_Scripts/Procedural Generationn/EndlessTerrain.cs using Guid(0dcd702c152613f4395ac1720073bcd7) Importer(815301076,1909f56bfc062723c751e8b465ee728b)  -> (artifact id: '3c751c1dcaa9f7da5a3cf17234ecf440') in 0.002169 seconds
  Import took 0.007106 seconds .

========================================================================
Received Import Request.
  Time since last request: 2.222717 seconds.
  path: Assets/_Scripts/Procedural Generationn/EndlessTerrain.cs
  artifactKey: Guid(0dcd702c152613f4395ac1720073bcd7) Importer(815301076,1909f56bfc062723c751e8b465ee728b)
Start importing Assets/_Scripts/Procedural Generationn/EndlessTerrain.cs using Guid(0dcd702c152613f4395ac1720073bcd7) Importer(815301076,1909f56bfc062723c751e8b465ee728b)  -> (artifact id: 'fb510de5228b891295fe4b19bfc6a4d8') in 0.002371 seconds
  Import took 0.007059 seconds .

========================================================================
Received Import Request.
  Time since last request: 85.657880 seconds.
  path: Assets/_Scripts/Procedural Generationn/EndlessTerrain.cs
  artifactKey: Guid(0dcd702c152613f4395ac1720073bcd7) Importer(815301076,1909f56bfc062723c751e8b465ee728b)
Start importing Assets/_Scripts/Procedural Generationn/EndlessTerrain.cs using Guid(0dcd702c152613f4395ac1720073bcd7) Importer(815301076,1909f56bfc062723c751e8b465ee728b)  -> (artifact id: '0c39001236fd8711395ec31732de470e') in 0.002290 seconds
  Import took 0.007298 seconds .

========================================================================
Received Import Request.
  Time since last request: 45.658995 seconds.
  path: Assets/_Scripts/Procedural Generationn/EndlessTerrain.cs
  artifactKey: Guid(0dcd702c152613f4395ac1720073bcd7) Importer(815301076,1909f56bfc062723c751e8b465ee728b)
Start importing Assets/_Scripts/Procedural Generationn/EndlessTerrain.cs using Guid(0dcd702c152613f4395ac1720073bcd7) Importer(815301076,1909f56bfc062723c751e8b465ee728b)  -> (artifact id: 'c807b3c29e1af6b6fbe1609c44cf3783') in 0.002333 seconds
  Import took 0.007425 seconds .

========================================================================
Received Import Request.
  Time since last request: 8.844082 seconds.
  path: Assets/_Scripts/Procedural Generationn/EndlessTerrain.cs
  artifactKey: Guid(0dcd702c152613f4395ac1720073bcd7) Importer(815301076,1909f56bfc062723c751e8b465ee728b)
Start importing Assets/_Scripts/Procedural Generationn/EndlessTerrain.cs using Guid(0dcd702c152613f4395ac1720073bcd7) Importer(815301076,1909f56bfc062723c751e8b465ee728b)  -> (artifact id: '0ba6c8804f5922493585e2699c4dd69f') in 0.002387 seconds
  Import took 0.007394 seconds .

========================================================================
Received Import Request.
  Time since last request: 23.008356 seconds.
  path: Assets/_Scripts/Procedural Generationn/EndlessTerrain.cs
  artifactKey: Guid(0dcd702c152613f4395ac1720073bcd7) Importer(815301076,1909f56bfc062723c751e8b465ee728b)
Start importing Assets/_Scripts/Procedural Generationn/EndlessTerrain.cs using Guid(0dcd702c152613f4395ac1720073bcd7) Importer(815301076,1909f56bfc062723c751e8b465ee728b)  -> (artifact id: '472f639f4f63b20e6735baa956330916') in 0.002267 seconds
  Import took 0.006857 seconds .

========================================================================
Received Import Request.
  Time since last request: 39.914460 seconds.
  path: Assets/_Scripts/Procedural Generationn/EndlessTerrain.cs
  artifactKey: Guid(0dcd702c152613f4395ac1720073bcd7) Importer(815301076,1909f56bfc062723c751e8b465ee728b)
Start importing Assets/_Scripts/Procedural Generationn/EndlessTerrain.cs using Guid(0dcd702c152613f4395ac1720073bcd7) Importer(815301076,1909f56bfc062723c751e8b465ee728b)  -> (artifact id: '146394412df3467f220b7686ffd43270') in 0.002470 seconds
  Import took 0.007683 seconds .

========================================================================
Received Import Request.
  Time since last request: 11.278034 seconds.
  path: Assets/_Scripts/Procedural Generationn/EndlessTerrain.cs
  artifactKey: Guid(0dcd702c152613f4395ac1720073bcd7) Importer(815301076,1909f56bfc062723c751e8b465ee728b)
Start importing Assets/_Scripts/Procedural Generationn/EndlessTerrain.cs using Guid(0dcd702c152613f4395ac1720073bcd7) Importer(815301076,1909f56bfc062723c751e8b465ee728b)  -> (artifact id: '7c85a111cfde8f5bdc48cc9475ce556f') in 0.003270 seconds
  Import took 0.009220 seconds .

========================================================================
Received Import Request.
  Time since last request: 13.397399 seconds.
  path: Assets/_Scripts/Procedural Generationn/EndlessTerrain.cs
  artifactKey: Guid(0dcd702c152613f4395ac1720073bcd7) Importer(815301076,1909f56bfc062723c751e8b465ee728b)
Start importing Assets/_Scripts/Procedural Generationn/EndlessTerrain.cs using Guid(0dcd702c152613f4395ac1720073bcd7) Importer(815301076,1909f56bfc062723c751e8b465ee728b)  -> (artifact id: 'c29734873d0fd152aec50e42206bffef') in 0.002040 seconds
  Import took 0.006849 seconds .

========================================================================
Received Import Request.
  Time since last request: 25.657061 seconds.
  path: Assets/_Scripts/Procedural Generationn/EndlessTerrain.cs
  artifactKey: Guid(0dcd702c152613f4395ac1720073bcd7) Importer(815301076,1909f56bfc062723c751e8b465ee728b)
Start importing Assets/_Scripts/Procedural Generationn/EndlessTerrain.cs using Guid(0dcd702c152613f4395ac1720073bcd7) Importer(815301076,1909f56bfc062723c751e8b465ee728b)  -> (artifact id: 'd7d89dfb89c3fd3973114ee43fea1570') in 0.002873 seconds
  Import took 0.008328 seconds .

========================================================================
Received Import Request.
  Time since last request: 44.497425 seconds.
  path: Assets/_Scripts/Procedural Generationn/EndlessTerrain.cs
  artifactKey: Guid(0dcd702c152613f4395ac1720073bcd7) Importer(815301076,1909f56bfc062723c751e8b465ee728b)
Start importing Assets/_Scripts/Procedural Generationn/EndlessTerrain.cs using Guid(0dcd702c152613f4395ac1720073bcd7) Importer(815301076,1909f56bfc062723c751e8b465ee728b)  -> (artifact id: 'ebb8e507c477aae4f00e7b9df7c4eb44') in 0.002270 seconds
  Import took 0.007432 seconds .

========================================================================
Received Import Request.
  Time since last request: 29.309482 seconds.
  path: Assets/_Scripts/Procedural Generationn/EndlessTerrain.cs
  artifactKey: Guid(0dcd702c152613f4395ac1720073bcd7) Importer(815301076,1909f56bfc062723c751e8b465ee728b)
Start importing Assets/_Scripts/Procedural Generationn/EndlessTerrain.cs using Guid(0dcd702c152613f4395ac1720073bcd7) Importer(815301076,1909f56bfc062723c751e8b465ee728b)  -> (artifact id: '9900b68f1e4feea7e57f2af3482984a5') in 0.002289 seconds
  Import took 0.007258 seconds .

========================================================================
Received Import Request.
  Time since last request: 38.042284 seconds.
  path: Assets/_Scripts/Procedural Generationn/EndlessTerrain.cs
  artifactKey: Guid(0dcd702c152613f4395ac1720073bcd7) Importer(815301076,1909f56bfc062723c751e8b465ee728b)
Start importing Assets/_Scripts/Procedural Generationn/EndlessTerrain.cs using Guid(0dcd702c152613f4395ac1720073bcd7) Importer(815301076,1909f56bfc062723c751e8b465ee728b)  -> (artifact id: 'd656799d505b5a948a901ba8e3bdd3f3') in 0.002415 seconds
  Import took 0.007718 seconds .

========================================================================
Received Import Request.
  Time since last request: 13.784177 seconds.
  path: Assets/_Scripts/Procedural Generationn/EndlessTerrain.cs
  artifactKey: Guid(0dcd702c152613f4395ac1720073bcd7) Importer(815301076,1909f56bfc062723c751e8b465ee728b)
Start importing Assets/_Scripts/Procedural Generationn/EndlessTerrain.cs using Guid(0dcd702c152613f4395ac1720073bcd7) Importer(815301076,1909f56bfc062723c751e8b465ee728b)  -> (artifact id: '6af50bf486e397c148d7c4a6d4900171') in 0.002085 seconds
  Import took 0.008550 seconds .

========================================================================
Received Import Request.
  Time since last request: 32.283790 seconds.
  path: Assets/_Scripts/Procedural Generationn/EndlessTerrain.cs
  artifactKey: Guid(0dcd702c152613f4395ac1720073bcd7) Importer(815301076,1909f56bfc062723c751e8b465ee728b)
Start importing Assets/_Scripts/Procedural Generationn/EndlessTerrain.cs using Guid(0dcd702c152613f4395ac1720073bcd7) Importer(815301076,1909f56bfc062723c751e8b465ee728b)  -> (artifact id: '757b35f807ae4346b0e00f2743358ed7') in 0.002351 seconds
  Import took 0.007134 seconds .

========================================================================
Received Import Request.
  Time since last request: 17.322486 seconds.
  path: Assets/_Scripts/Procedural Generationn/EndlessTerrain.cs
  artifactKey: Guid(0dcd702c152613f4395ac1720073bcd7) Importer(815301076,1909f56bfc062723c751e8b465ee728b)
Start importing Assets/_Scripts/Procedural Generationn/EndlessTerrain.cs using Guid(0dcd702c152613f4395ac1720073bcd7) Importer(815301076,1909f56bfc062723c751e8b465ee728b)  -> (artifact id: '705d32e63fee239c5ea9b4c5e6700923') in 0.002642 seconds
  Import took 0.009199 seconds .

========================================================================
Received Import Request.
  Time since last request: 24.686705 seconds.
  path: Assets/_Scripts/Procedural Generationn/EndlessTerrain.cs
  artifactKey: Guid(0dcd702c152613f4395ac1720073bcd7) Importer(815301076,1909f56bfc062723c751e8b465ee728b)
Start importing Assets/_Scripts/Procedural Generationn/EndlessTerrain.cs using Guid(0dcd702c152613f4395ac1720073bcd7) Importer(815301076,1909f56bfc062723c751e8b465ee728b)  -> (artifact id: 'eb94d221b04ae91a3e54098d8ab95636') in 0.002466 seconds
  Import took 0.009041 seconds .

========================================================================
Received Import Request.
  Time since last request: 3.161882 seconds.
  path: Assets/_Scripts/Procedural Generationn/EndlessTerrain.cs
  artifactKey: Guid(0dcd702c152613f4395ac1720073bcd7) Importer(815301076,1909f56bfc062723c751e8b465ee728b)
Start importing Assets/_Scripts/Procedural Generationn/EndlessTerrain.cs using Guid(0dcd702c152613f4395ac1720073bcd7) Importer(815301076,1909f56bfc062723c751e8b465ee728b)  -> (artifact id: '4aa546254bdf89b01f92302e30e2b020') in 0.002161 seconds
  Import took 0.006740 seconds .

========================================================================
Received Import Request.
  Time since last request: 78.994676 seconds.
  path: Assets/_Scripts/Procedural Generationn/EndlessTerrain.cs
  artifactKey: Guid(0dcd702c152613f4395ac1720073bcd7) Importer(815301076,1909f56bfc062723c751e8b465ee728b)
Start importing Assets/_Scripts/Procedural Generationn/EndlessTerrain.cs using Guid(0dcd702c152613f4395ac1720073bcd7) Importer(815301076,1909f56bfc062723c751e8b465ee728b)  -> (artifact id: '82531bc32a05f0aa4c16a83b276127f7') in 0.002413 seconds
  Import took 0.007720 seconds .

========================================================================
Received Import Request.
  Time since last request: 24.189943 seconds.
  path: Assets/_Scripts/Procedural Generationn/EndlessTerrain.cs
  artifactKey: Guid(0dcd702c152613f4395ac1720073bcd7) Importer(815301076,1909f56bfc062723c751e8b465ee728b)
Start importing Assets/_Scripts/Procedural Generationn/EndlessTerrain.cs using Guid(0dcd702c152613f4395ac1720073bcd7) Importer(815301076,1909f56bfc062723c751e8b465ee728b)  -> (artifact id: '35d07c1da8caf88ff7844bb399af1c31') in 0.002535 seconds
  Import took 0.007692 seconds .

========================================================================
Received Import Request.
  Time since last request: 18.419104 seconds.
  path: Assets/_Scripts/Procedural Generationn/EndlessTerrain.cs
  artifactKey: Guid(0dcd702c152613f4395ac1720073bcd7) Importer(815301076,1909f56bfc062723c751e8b465ee728b)
Start importing Assets/_Scripts/Procedural Generationn/EndlessTerrain.cs using Guid(0dcd702c152613f4395ac1720073bcd7) Importer(815301076,1909f56bfc062723c751e8b465ee728b)  -> (artifact id: 'de4afcc7115751ad60f7e1cfeb989957') in 0.002446 seconds
  Import took 0.008832 seconds .

========================================================================
Received Import Request.
  Time since last request: 88.411988 seconds.
  path: Assets/_Scripts/Procedural Generationn/EndlessTerrain.cs
  artifactKey: Guid(0dcd702c152613f4395ac1720073bcd7) Importer(815301076,1909f56bfc062723c751e8b465ee728b)
Start importing Assets/_Scripts/Procedural Generationn/EndlessTerrain.cs using Guid(0dcd702c152613f4395ac1720073bcd7) Importer(815301076,1909f56bfc062723c751e8b465ee728b)  -> (artifact id: '92d23075f15d2223c48b81360799679b') in 0.002959 seconds
  Import took 0.009693 seconds .

========================================================================
Received Import Request.
  Time since last request: 27.635361 seconds.
  path: Assets/_Scripts/Procedural Generationn/EndlessTerrain.cs
  artifactKey: Guid(0dcd702c152613f4395ac1720073bcd7) Importer(815301076,1909f56bfc062723c751e8b465ee728b)
Start importing Assets/_Scripts/Procedural Generationn/EndlessTerrain.cs using Guid(0dcd702c152613f4395ac1720073bcd7) Importer(815301076,1909f56bfc062723c751e8b465ee728b)  -> (artifact id: '04605cbec8beed0835c0f2692ba2a3c3') in 0.002317 seconds
  Import took 0.007609 seconds .

========================================================================
Received Import Request.
  Time since last request: 35.373793 seconds.
  path: Assets/_Scripts/Procedural Generationn/EndlessTerrain.cs
  artifactKey: Guid(0dcd702c152613f4395ac1720073bcd7) Importer(815301076,1909f56bfc062723c751e8b465ee728b)
Start importing Assets/_Scripts/Procedural Generationn/EndlessTerrain.cs using Guid(0dcd702c152613f4395ac1720073bcd7) Importer(815301076,1909f56bfc062723c751e8b465ee728b)  -> (artifact id: '8f0efcbe36d1f4d9e60492996b02fbf9') in 0.002368 seconds
  Import took 0.008224 seconds .

========================================================================
Received Import Request.
  Time since last request: 4.826037 seconds.
  path: Assets/_Scripts/Procedural Generationn/EndlessTerrain.cs
  artifactKey: Guid(0dcd702c152613f4395ac1720073bcd7) Importer(815301076,1909f56bfc062723c751e8b465ee728b)
Start importing Assets/_Scripts/Procedural Generationn/EndlessTerrain.cs using Guid(0dcd702c152613f4395ac1720073bcd7) Importer(815301076,1909f56bfc062723c751e8b465ee728b)  -> (artifact id: '518d9da0dde0da5500aae4c1cf9e7de1') in 0.002107 seconds
  Import took 0.006979 seconds .

========================================================================
Received Import Request.
  Time since last request: 33.320622 seconds.
  path: Assets/_Scripts/Procedural Generationn/EndlessTerrain.cs
  artifactKey: Guid(0dcd702c152613f4395ac1720073bcd7) Importer(815301076,1909f56bfc062723c751e8b465ee728b)
Start importing Assets/_Scripts/Procedural Generationn/EndlessTerrain.cs using Guid(0dcd702c152613f4395ac1720073bcd7) Importer(815301076,1909f56bfc062723c751e8b465ee728b)  -> (artifact id: 'ce440d6b998d712a10998affe7000864') in 0.002295 seconds
  Import took 0.007264 seconds .

========================================================================
Received Import Request.
  Time since last request: 27.507906 seconds.
  path: Assets/_Scripts/Procedural Generationn/EndlessTerrain.cs
  artifactKey: Guid(0dcd702c152613f4395ac1720073bcd7) Importer(815301076,1909f56bfc062723c751e8b465ee728b)
Start importing Assets/_Scripts/Procedural Generationn/EndlessTerrain.cs using Guid(0dcd702c152613f4395ac1720073bcd7) Importer(815301076,1909f56bfc062723c751e8b465ee728b)  -> (artifact id: 'f69f33e115dbdf768c27f664cf5877fe') in 0.002625 seconds
  Import took 0.009788 seconds .

========================================================================
Received Import Request.
  Time since last request: 24.719214 seconds.
  path: Assets/_Scripts/Procedural Generationn/EndlessTerrain.cs
  artifactKey: Guid(0dcd702c152613f4395ac1720073bcd7) Importer(815301076,1909f56bfc062723c751e8b465ee728b)
Start importing Assets/_Scripts/Procedural Generationn/EndlessTerrain.cs using Guid(0dcd702c152613f4395ac1720073bcd7) Importer(815301076,1909f56bfc062723c751e8b465ee728b)  -> (artifact id: 'ee81aba5dc8c31e73c72a6277aee9a71') in 0.002311 seconds
  Import took 0.007753 seconds .

========================================================================
Received Import Request.
  Time since last request: 10.176153 seconds.
  path: Assets/_Scripts/Procedural Generationn/EndlessTerrain.cs
  artifactKey: Guid(0dcd702c152613f4395ac1720073bcd7) Importer(815301076,1909f56bfc062723c751e8b465ee728b)
Start importing Assets/_Scripts/Procedural Generationn/EndlessTerrain.cs using Guid(0dcd702c152613f4395ac1720073bcd7) Importer(815301076,1909f56bfc062723c751e8b465ee728b)  -> (artifact id: '2563e92fa76c8ff0bd2aefa0ce3fc54e') in 0.002469 seconds
  Import took 0.008030 seconds .

========================================================================
Received Import Request.
  Time since last request: 20.088495 seconds.
  path: Assets/_Scripts/Procedural Generationn/EndlessTerrain.cs
  artifactKey: Guid(0dcd702c152613f4395ac1720073bcd7) Importer(815301076,1909f56bfc062723c751e8b465ee728b)
Start importing Assets/_Scripts/Procedural Generationn/EndlessTerrain.cs using Guid(0dcd702c152613f4395ac1720073bcd7) Importer(815301076,1909f56bfc062723c751e8b465ee728b)  -> (artifact id: 'f76135b8e8fe8a2d4dfa065dc2cffdc4') in 0.003111 seconds
  Import took 0.010371 seconds .

========================================================================
Received Import Request.
  Time since last request: 15.849344 seconds.
  path: Assets/_Scripts/Procedural Generationn/EndlessTerrain.cs
  artifactKey: Guid(0dcd702c152613f4395ac1720073bcd7) Importer(815301076,1909f56bfc062723c751e8b465ee728b)
Start importing Assets/_Scripts/Procedural Generationn/EndlessTerrain.cs using Guid(0dcd702c152613f4395ac1720073bcd7) Importer(815301076,1909f56bfc062723c751e8b465ee728b)  -> (artifact id: 'b8a07b31cc42abc32f956c5dccade5eb') in 0.002258 seconds
  Import took 0.007185 seconds .

========================================================================
Received Import Request.
  Time since last request: 52.811775 seconds.
  path: Assets/_Scripts/Procedural Generationn/EndlessTerrain.cs
  artifactKey: Guid(0dcd702c152613f4395ac1720073bcd7) Importer(815301076,1909f56bfc062723c751e8b465ee728b)
Start importing Assets/_Scripts/Procedural Generationn/EndlessTerrain.cs using Guid(0dcd702c152613f4395ac1720073bcd7) Importer(815301076,1909f56bfc062723c751e8b465ee728b)  -> (artifact id: '540beaa9ed53d325ba009687e5d34637') in 0.002379 seconds
  Import took 0.007981 seconds .

========================================================================
Received Import Request.
  Time since last request: 6.759172 seconds.
  path: Assets/_Scripts/Procedural Generationn/EndlessTerrain.cs
  artifactKey: Guid(0dcd702c152613f4395ac1720073bcd7) Importer(815301076,1909f56bfc062723c751e8b465ee728b)
Start importing Assets/_Scripts/Procedural Generationn/EndlessTerrain.cs using Guid(0dcd702c152613f4395ac1720073bcd7) Importer(815301076,1909f56bfc062723c751e8b465ee728b)  -> (artifact id: 'db1dc78275560a7bee9f26b63f136636') in 0.002185 seconds
  Import took 0.007118 seconds .

========================================================================
Received Import Request.
  Time since last request: 30.335420 seconds.
  path: Assets/_Scripts/Procedural Generationn/EndlessTerrain.cs
  artifactKey: Guid(0dcd702c152613f4395ac1720073bcd7) Importer(815301076,1909f56bfc062723c751e8b465ee728b)
Start importing Assets/_Scripts/Procedural Generationn/EndlessTerrain.cs using Guid(0dcd702c152613f4395ac1720073bcd7) Importer(815301076,1909f56bfc062723c751e8b465ee728b)  -> (artifact id: 'eb4b8fd6c513610a48b8c4db5b240a8e') in 0.002579 seconds
  Import took 0.007825 seconds .

========================================================================
Received Import Request.
  Time since last request: 65.567423 seconds.
  path: Assets/_Scripts/Procedural Generationn/EndlessTerrain.cs
  artifactKey: Guid(0dcd702c152613f4395ac1720073bcd7) Importer(815301076,1909f56bfc062723c751e8b465ee728b)
Start importing Assets/_Scripts/Procedural Generationn/EndlessTerrain.cs using Guid(0dcd702c152613f4395ac1720073bcd7) Importer(815301076,1909f56bfc062723c751e8b465ee728b)  -> (artifact id: '02718d1a21b233199045900ecb379b8c') in 0.002868 seconds
  Import took 0.008683 seconds .

========================================================================
Received Import Request.
  Time since last request: 70.823097 seconds.
  path: Assets/_Scripts/Procedural Generationn/EndlessTerrain.cs
  artifactKey: Guid(0dcd702c152613f4395ac1720073bcd7) Importer(815301076,1909f56bfc062723c751e8b465ee728b)
Start importing Assets/_Scripts/Procedural Generationn/EndlessTerrain.cs using Guid(0dcd702c152613f4395ac1720073bcd7) Importer(815301076,1909f56bfc062723c751e8b465ee728b)  -> (artifact id: 'f89f50bff52f8e3a3b33ed139fbf831d') in 0.002193 seconds
  Import took 0.007722 seconds .

========================================================================
Received Import Request.
  Time since last request: 20.831277 seconds.
  path: Assets/_Scripts/Procedural Generationn/EndlessTerrain.cs
  artifactKey: Guid(0dcd702c152613f4395ac1720073bcd7) Importer(815301076,1909f56bfc062723c751e8b465ee728b)
Start importing Assets/_Scripts/Procedural Generationn/EndlessTerrain.cs using Guid(0dcd702c152613f4395ac1720073bcd7) Importer(815301076,1909f56bfc062723c751e8b465ee728b)  -> (artifact id: '43452ed1bba91e31f825569000fe3620') in 0.002448 seconds
  Import took 0.007788 seconds .

========================================================================
Received Prepare
Registering precompiled user dll's ...
Registered in 0.004170 seconds.
Begin MonoManager ReloadAssembly
Native extension for WindowsStandalone target not found
Native extension for WebGL target not found
Refreshing native plugins compatible for Editor in 0.76 ms, found 0 plugins.
Preloading 0 native plugins for Editor in 0.00 ms.
Invoked RoslynAnalysisRunner static constructor.
RoslynAnalysisRunner will not be running.
RoslynAnalysisRunner has terminated.
Mono: successfully reloaded assembly
- Completed reload, in  0.813 seconds
Platform modules already initialized, skipping
Shader 'Universal Render Pipeline/Particles/Lit': fallback shader 'Universal Render Pipeline/Particles/SimpleLit' not found
Shader 'Universal Render Pipeline/Particles/Lit': fallback shader 'Universal Render Pipeline/Particles/SimpleLit' not found
Refreshing native plugins compatible for Editor in 1.01 ms, found 0 plugins.
Preloading 0 native plugins for Editor in 0.00 ms.
Unloading 2802 Unused Serialized files (Serialized files now loaded: 0)
System memory in use before: 127.5 MB.
System memory in use after: 125.7 MB.

Unloading 48 unused Assets to reduce memory usage. Loaded Objects now: 3316.
Total: 3.723500 ms (FindLiveObjects: 0.401900 ms CreateObjectMapping: 0.089400 ms MarkObjects: 2.064700 ms  DeleteObjects: 1.166000 ms)

========================================================================
Received Prepare
Registering precompiled user dll's ...
Registered in 0.004488 seconds.
Begin MonoManager ReloadAssembly
Native extension for WindowsStandalone target not found
Native extension for WebGL target not found
Refreshing native plugins compatible for Editor in 0.83 ms, found 0 plugins.
Preloading 0 native plugins for Editor in 0.00 ms.
Invoked RoslynAnalysisRunner static constructor.
RoslynAnalysisRunner will not be running.
RoslynAnalysisRunner has terminated.
Mono: successfully reloaded assembly
- Completed reload, in  0.791 seconds
Platform modules already initialized, skipping
Shader 'Universal Render Pipeline/Particles/Lit': fallback shader 'Universal Render Pipeline/Particles/SimpleLit' not found
Shader 'Universal Render Pipeline/Particles/Lit': fallback shader 'Universal Render Pipeline/Particles/SimpleLit' not found
Refreshing native plugins compatible for Editor in 0.87 ms, found 0 plugins.
Preloading 0 native plugins for Editor in 0.00 ms.
Unloading 2802 Unused Serialized files (Serialized files now loaded: 0)
System memory in use before: 127.6 MB.
System memory in use after: 125.8 MB.

Unloading 48 unused Assets to reduce memory usage. Loaded Objects now: 3319.
Total: 3.683900 ms (FindLiveObjects: 0.386800 ms CreateObjectMapping: 0.083800 ms MarkObjects: 2.002100 ms  DeleteObjects: 1.210300 ms)

========================================================================
Received Import Request.
  Time since last request: 135.928865 seconds.
  path: Assets/_Scenes/GameMap.unity
  artifactKey: Guid(5d96a4df5f37f674f92c9f1028d09e49) Importer(815301076,1909f56bfc062723c751e8b465ee728b)
Start importing Assets/_Scenes/GameMap.unity using Guid(5d96a4df5f37f674f92c9f1028d09e49) Importer(815301076,1909f56bfc062723c751e8b465ee728b)  -> (artifact id: 'e56cd58a5f35ee9ffd2fbdb8cf1b91f5') in 0.014502 seconds
  Import took 0.019788 seconds .

========================================================================
Received Prepare
Registering precompiled user dll's ...
Registered in 0.005259 seconds.
Begin MonoManager ReloadAssembly
Native extension for WindowsStandalone target not found
Native extension for WebGL target not found
Refreshing native plugins compatible for Editor in 0.84 ms, found 0 plugins.
Preloading 0 native plugins for Editor in 0.00 ms.
Invoked RoslynAnalysisRunner static constructor.
RoslynAnalysisRunner will not be running.
RoslynAnalysisRunner has terminated.
Mono: successfully reloaded assembly
- Completed reload, in  0.800 seconds
Platform modules already initialized, skipping
Shader 'Universal Render Pipeline/Particles/Lit': fallback shader 'Universal Render Pipeline/Particles/SimpleLit' not found
Shader 'Universal Render Pipeline/Particles/Lit': fallback shader 'Universal Render Pipeline/Particles/SimpleLit' not found
Refreshing native plugins compatible for Editor in 0.78 ms, found 0 plugins.
Preloading 0 native plugins for Editor in 0.00 ms.
Unloading 2802 Unused Serialized files (Serialized files now loaded: 0)
System memory in use before: 127.6 MB.
System memory in use after: 125.8 MB.

Unloading 48 unused Assets to reduce memory usage. Loaded Objects now: 3322.
Total: 3.907200 ms (FindLiveObjects: 0.402500 ms CreateObjectMapping: 0.080400 ms MarkObjects: 2.165700 ms  DeleteObjects: 1.257300 ms)

========================================================================
Received Import Request.
  Time since last request: 146.235633 seconds.
  path: Assets/_Scenes/GameMap.unity
  artifactKey: Guid(5d96a4df5f37f674f92c9f1028d09e49) Importer(815301076,1909f56bfc062723c751e8b465ee728b)
Start importing Assets/_Scenes/GameMap.unity using Guid(5d96a4df5f37f674f92c9f1028d09e49) Importer(815301076,1909f56bfc062723c751e8b465ee728b)  -> (artifact id: 'a33669937cc9c4fd7bbcb252fc147f40') in 0.019078 seconds
  Import took 0.024433 seconds .

========================================================================
Received Import Request.
  Time since last request: 115.977573 seconds.
  path: Assets/_Scenes/ProceduralGenTest.unity
  artifactKey: Guid(efc6b232e565d084aa3910de4da879ce) Importer(815301076,1909f56bfc062723c751e8b465ee728b)
Start importing Assets/_Scenes/ProceduralGenTest.unity using Guid(efc6b232e565d084aa3910de4da879ce) Importer(815301076,1909f56bfc062723c751e8b465ee728b)  -> (artifact id: 'fd46b4f9376ef4ad999f4d5872e4da63') in 0.007429 seconds
  Import took 0.012926 seconds .

========================================================================
Received Prepare
Registering precompiled user dll's ...
Registered in 0.004603 seconds.
Begin MonoManager ReloadAssembly
Native extension for WindowsStandalone target not found
Native extension for WebGL target not found
Refreshing native plugins compatible for Editor in 0.80 ms, found 0 plugins.
Preloading 0 native plugins for Editor in 0.00 ms.
Invoked RoslynAnalysisRunner static constructor.
RoslynAnalysisRunner will not be running.
RoslynAnalysisRunner has terminated.
Mono: successfully reloaded assembly
- Completed reload, in  0.732 seconds
Platform modules already initialized, skipping
Shader 'Universal Render Pipeline/Particles/Lit': fallback shader 'Universal Render Pipeline/Particles/SimpleLit' not found
Shader 'Universal Render Pipeline/Particles/Lit': fallback shader 'Universal Render Pipeline/Particles/SimpleLit' not found
Refreshing native plugins compatible for Editor in 0.77 ms, found 0 plugins.
Preloading 0 native plugins for Editor in 0.00 ms.
Unloading 2802 Unused Serialized files (Serialized files now loaded: 0)
System memory in use before: 127.6 MB.
System memory in use after: 125.8 MB.

Unloading 48 unused Assets to reduce memory usage. Loaded Objects now: 3325.
Total: 4.061400 ms (FindLiveObjects: 0.359800 ms CreateObjectMapping: 0.090700 ms MarkObjects: 2.377200 ms  DeleteObjects: 1.232400 ms)

========================================================================
Received Prepare
Registering precompiled user dll's ...
Registered in 0.004209 seconds.
Begin MonoManager ReloadAssembly
Native extension for WindowsStandalone target not found
Native extension for WebGL target not found
Refreshing native plugins compatible for Editor in 0.83 ms, found 0 plugins.
Preloading 0 native plugins for Editor in 0.00 ms.
Invoked RoslynAnalysisRunner static constructor.
RoslynAnalysisRunner will not be running.
RoslynAnalysisRunner has terminated.
Mono: successfully reloaded assembly
- Completed reload, in  0.752 seconds
Platform modules already initialized, skipping
Shader 'Universal Render Pipeline/Particles/Lit': fallback shader 'Universal Render Pipeline/Particles/SimpleLit' not found
Shader 'Universal Render Pipeline/Particles/Lit': fallback shader 'Universal Render Pipeline/Particles/SimpleLit' not found
Refreshing native plugins compatible for Editor in 0.80 ms, found 0 plugins.
Preloading 0 native plugins for Editor in 0.00 ms.
Unloading 2802 Unused Serialized files (Serialized files now loaded: 0)
System memory in use before: 127.7 MB.
System memory in use after: 125.9 MB.

Unloading 48 unused Assets to reduce memory usage. Loaded Objects now: 3328.
Total: 4.464000 ms (FindLiveObjects: 0.486400 ms CreateObjectMapping: 0.090900 ms MarkObjects: 2.530800 ms  DeleteObjects: 1.354100 ms)

========================================================================
Received Prepare
Registering precompiled user dll's ...
Registered in 0.004232 seconds.
Begin MonoManager ReloadAssembly
Native extension for WindowsStandalone target not found
Native extension for WebGL target not found
Refreshing native plugins compatible for Editor in 0.76 ms, found 0 plugins.
Preloading 0 native plugins for Editor in 0.00 ms.
Invoked RoslynAnalysisRunner static constructor.
RoslynAnalysisRunner will not be running.
RoslynAnalysisRunner has terminated.
Mono: successfully reloaded assembly
- Completed reload, in  0.722 seconds
Platform modules already initialized, skipping
Shader 'Universal Render Pipeline/Particles/Lit': fallback shader 'Universal Render Pipeline/Particles/SimpleLit' not found
Shader 'Universal Render Pipeline/Particles/Lit': fallback shader 'Universal Render Pipeline/Particles/SimpleLit' not found
Refreshing native plugins compatible for Editor in 0.80 ms, found 0 plugins.
Preloading 0 native plugins for Editor in 0.00 ms.
Unloading 2802 Unused Serialized files (Serialized files now loaded: 0)
System memory in use before: 127.7 MB.
System memory in use after: 125.9 MB.

Unloading 48 unused Assets to reduce memory usage. Loaded Objects now: 3331.
Total: 3.752000 ms (FindLiveObjects: 0.357700 ms CreateObjectMapping: 0.075800 ms MarkObjects: 1.938000 ms  DeleteObjects: 1.378900 ms)

========================================================================
Received Prepare
Registering precompiled user dll's ...
Registered in 0.004259 seconds.
Begin MonoManager ReloadAssembly
Native extension for WindowsStandalone target not found
Native extension for WebGL target not found
Refreshing native plugins compatible for Editor in 0.77 ms, found 0 plugins.
Preloading 0 native plugins for Editor in 0.00 ms.
Invoked RoslynAnalysisRunner static constructor.
RoslynAnalysisRunner will not be running.
RoslynAnalysisRunner has terminated.
Mono: successfully reloaded assembly
- Completed reload, in  0.751 seconds
Platform modules already initialized, skipping
Shader 'Universal Render Pipeline/Particles/Lit': fallback shader 'Universal Render Pipeline/Particles/SimpleLit' not found
Shader 'Universal Render Pipeline/Particles/Lit': fallback shader 'Universal Render Pipeline/Particles/SimpleLit' not found
Refreshing native plugins compatible for Editor in 0.73 ms, found 0 plugins.
Preloading 0 native plugins for Editor in 0.00 ms.
Unloading 2802 Unused Serialized files (Serialized files now loaded: 0)
System memory in use before: 127.7 MB.
System memory in use after: 125.9 MB.

Unloading 48 unused Assets to reduce memory usage. Loaded Objects now: 3334.
Total: 4.526700 ms (FindLiveObjects: 0.479200 ms CreateObjectMapping: 0.080200 ms MarkObjects: 2.331000 ms  DeleteObjects: 1.634900 ms)

========================================================================
Received Prepare
Registering precompiled user dll's ...
Registered in 0.004338 seconds.
Begin MonoManager ReloadAssembly
Native extension for WindowsStandalone target not found
Native extension for WebGL target not found
Refreshing native plugins compatible for Editor in 0.85 ms, found 0 plugins.
Preloading 0 native plugins for Editor in 0.00 ms.
Invoked RoslynAnalysisRunner static constructor.
RoslynAnalysisRunner will not be running.
RoslynAnalysisRunner has terminated.
Mono: successfully reloaded assembly
- Completed reload, in  0.763 seconds
Platform modules already initialized, skipping
Shader 'Universal Render Pipeline/Particles/Lit': fallback shader 'Universal Render Pipeline/Particles/SimpleLit' not found
Shader 'Universal Render Pipeline/Particles/Lit': fallback shader 'Universal Render Pipeline/Particles/SimpleLit' not found
Refreshing native plugins compatible for Editor in 0.79 ms, found 0 plugins.
Preloading 0 native plugins for Editor in 0.00 ms.
Unloading 2802 Unused Serialized files (Serialized files now loaded: 0)
System memory in use before: 127.7 MB.
System memory in use after: 125.9 MB.

Unloading 48 unused Assets to reduce memory usage. Loaded Objects now: 3337.
Total: 3.999400 ms (FindLiveObjects: 0.496600 ms CreateObjectMapping: 0.081100 ms MarkObjects: 2.006800 ms  DeleteObjects: 1.412900 ms)

========================================================================
Received Prepare
Registering precompiled user dll's ...
Registered in 0.004416 seconds.
Begin MonoManager ReloadAssembly
Native extension for WindowsStandalone target not found
Native extension for WebGL target not found
Refreshing native plugins compatible for Editor in 0.81 ms, found 0 plugins.
Preloading 0 native plugins for Editor in 0.00 ms.
Invoked RoslynAnalysisRunner static constructor.
RoslynAnalysisRunner will not be running.
RoslynAnalysisRunner has terminated.
Mono: successfully reloaded assembly
- Completed reload, in  0.761 seconds
Platform modules already initialized, skipping
Shader 'Universal Render Pipeline/Particles/Lit': fallback shader 'Universal Render Pipeline/Particles/SimpleLit' not found
Shader 'Universal Render Pipeline/Particles/Lit': fallback shader 'Universal Render Pipeline/Particles/SimpleLit' not found
Refreshing native plugins compatible for Editor in 0.93 ms, found 0 plugins.
Preloading 0 native plugins for Editor in 0.00 ms.
Unloading 2802 Unused Serialized files (Serialized files now loaded: 0)
System memory in use before: 127.7 MB.
System memory in use after: 125.9 MB.

Unloading 48 unused Assets to reduce memory usage. Loaded Objects now: 3340.
Total: 4.300100 ms (FindLiveObjects: 0.396200 ms CreateObjectMapping: 0.079200 ms MarkObjects: 2.180400 ms  DeleteObjects: 1.642800 ms)

========================================================================
Received Prepare
Registering precompiled user dll's ...
Registered in 0.004318 seconds.
Begin MonoManager ReloadAssembly
Native extension for WindowsStandalone target not found
Native extension for WebGL target not found
Refreshing native plugins compatible for Editor in 0.77 ms, found 0 plugins.
Preloading 0 native plugins for Editor in 0.00 ms.
Invoked RoslynAnalysisRunner static constructor.
RoslynAnalysisRunner will not be running.
RoslynAnalysisRunner has terminated.
Mono: successfully reloaded assembly
- Completed reload, in  0.767 seconds
Platform modules already initialized, skipping
Shader 'Universal Render Pipeline/Particles/Lit': fallback shader 'Universal Render Pipeline/Particles/SimpleLit' not found
Shader 'Universal Render Pipeline/Particles/Lit': fallback shader 'Universal Render Pipeline/Particles/SimpleLit' not found
Refreshing native plugins compatible for Editor in 0.80 ms, found 0 plugins.
Preloading 0 native plugins for Editor in 0.00 ms.
Unloading 2802 Unused Serialized files (Serialized files now loaded: 0)
System memory in use before: 127.7 MB.
System memory in use after: 125.9 MB.

Unloading 48 unused Assets to reduce memory usage. Loaded Objects now: 3343.
Total: 4.195600 ms (FindLiveObjects: 0.343000 ms CreateObjectMapping: 0.093200 ms MarkObjects: 2.399700 ms  DeleteObjects: 1.358400 ms)

========================================================================
Received Import Request.
  Time since last request: 4336.717013 seconds.
  path: Assets/_Scripts/Procedural Generationn/MeshGenerator.cs
  artifactKey: Guid(a6464ecc5b8e7f945a0dfcfc0b28fd3b) Importer(815301076,1909f56bfc062723c751e8b465ee728b)
Start importing Assets/_Scripts/Procedural Generationn/MeshGenerator.cs using Guid(a6464ecc5b8e7f945a0dfcfc0b28fd3b) Importer(815301076,1909f56bfc062723c751e8b465ee728b)  -> (artifact id: '5f3e985486a40d5943d529fb9ebe5d53') in 0.010678 seconds
  Import took 0.015553 seconds .

========================================================================
Received Import Request.
  Time since last request: 0.009970 seconds.
  path: Assets/_Scripts/Procedural Generationn/MeshGenerator.cs
  artifactKey: Guid(a6464ecc5b8e7f945a0dfcfc0b28fd3b) Importer(815301076,1909f56bfc062723c751e8b465ee728b)
Start importing Assets/_Scripts/Procedural Generationn/MeshGenerator.cs using Guid(a6464ecc5b8e7f945a0dfcfc0b28fd3b) Importer(815301076,1909f56bfc062723c751e8b465ee728b)  -> (artifact id: '5f3e985486a40d5943d529fb9ebe5d53') in 0.002550 seconds
  Import took 0.007088 seconds .

========================================================================
Received Prepare
Registering precompiled user dll's ...
Registered in 0.004392 seconds.
Begin MonoManager ReloadAssembly
Native extension for WindowsStandalone target not found
Native extension for WebGL target not found
Refreshing native plugins compatible for Editor in 0.83 ms, found 0 plugins.
Preloading 0 native plugins for Editor in 0.00 ms.
Invoked RoslynAnalysisRunner static constructor.
RoslynAnalysisRunner will not be running.
RoslynAnalysisRunner has terminated.
Mono: successfully reloaded assembly
- Completed reload, in  0.761 seconds
Platform modules already initialized, skipping
Shader 'Universal Render Pipeline/Particles/Lit': fallback shader 'Universal Render Pipeline/Particles/SimpleLit' not found
Shader 'Universal Render Pipeline/Particles/Lit': fallback shader 'Universal Render Pipeline/Particles/SimpleLit' not found
Refreshing native plugins compatible for Editor in 0.80 ms, found 0 plugins.
Preloading 0 native plugins for Editor in 0.00 ms.
Unloading 2802 Unused Serialized files (Serialized files now loaded: 0)
System memory in use before: 127.7 MB.
System memory in use after: 125.9 MB.

Unloading 48 unused Assets to reduce memory usage. Loaded Objects now: 3346.
Total: 3.827900 ms (FindLiveObjects: 0.342600 ms CreateObjectMapping: 0.077800 ms MarkObjects: 2.106100 ms  DeleteObjects: 1.300200 ms)

========================================================================
Received Import Request.
  Time since last request: 92.197835 seconds.
  path: Assets/_Scripts/Procedural Generationn/MeshGenerator.cs
  artifactKey: Guid(a6464ecc5b8e7f945a0dfcfc0b28fd3b) Importer(815301076,1909f56bfc062723c751e8b465ee728b)
Start importing Assets/_Scripts/Procedural Generationn/MeshGenerator.cs using Guid(a6464ecc5b8e7f945a0dfcfc0b28fd3b) Importer(815301076,1909f56bfc062723c751e8b465ee728b)  -> (artifact id: 'e6b2ee99b6b10933da7edee8edb310be') in 0.006097 seconds
  Import took 0.010690 seconds .

========================================================================
Received Prepare
Registering precompiled user dll's ...
Registered in 0.004632 seconds.
Begin MonoManager ReloadAssembly
Native extension for WindowsStandalone target not found
Native extension for WebGL target not found
Refreshing native plugins compatible for Editor in 1.04 ms, found 0 plugins.
Preloading 0 native plugins for Editor in 0.00 ms.
Invoked RoslynAnalysisRunner static constructor.
RoslynAnalysisRunner will not be running.
RoslynAnalysisRunner has terminated.
Mono: successfully reloaded assembly
- Completed reload, in  0.754 seconds
Platform modules already initialized, skipping
Shader 'Universal Render Pipeline/Particles/Lit': fallback shader 'Universal Render Pipeline/Particles/SimpleLit' not found
Shader 'Universal Render Pipeline/Particles/Lit': fallback shader 'Universal Render Pipeline/Particles/SimpleLit' not found
Refreshing native plugins compatible for Editor in 0.85 ms, found 0 plugins.
Preloading 0 native plugins for Editor in 0.00 ms.
Unloading 2802 Unused Serialized files (Serialized files now loaded: 0)
System memory in use before: 127.7 MB.
System memory in use after: 125.9 MB.

Unloading 48 unused Assets to reduce memory usage. Loaded Objects now: 3349.
Total: 3.937900 ms (FindLiveObjects: 0.392600 ms CreateObjectMapping: 0.082500 ms MarkObjects: 2.139800 ms  DeleteObjects: 1.322100 ms)

========================================================================
Received Prepare
Registering precompiled user dll's ...
Registered in 0.004360 seconds.
Begin MonoManager ReloadAssembly
Native extension for WindowsStandalone target not found
Native extension for WebGL target not found
Refreshing native plugins compatible for Editor in 1.00 ms, found 0 plugins.
Preloading 0 native plugins for Editor in 0.00 ms.
Invoked RoslynAnalysisRunner static constructor.
RoslynAnalysisRunner will not be running.
RoslynAnalysisRunner has terminated.
Mono: successfully reloaded assembly
- Completed reload, in  0.752 seconds
Platform modules already initialized, skipping
Shader 'Universal Render Pipeline/Particles/Lit': fallback shader 'Universal Render Pipeline/Particles/SimpleLit' not found
Shader 'Universal Render Pipeline/Particles/Lit': fallback shader 'Universal Render Pipeline/Particles/SimpleLit' not found
Refreshing native plugins compatible for Editor in 0.79 ms, found 0 plugins.
Preloading 0 native plugins for Editor in 0.00 ms.
Unloading 2802 Unused Serialized files (Serialized files now loaded: 0)
System memory in use before: 127.7 MB.
System memory in use after: 125.9 MB.

Unloading 48 unused Assets to reduce memory usage. Loaded Objects now: 3352.
Total: 4.082400 ms (FindLiveObjects: 0.370900 ms CreateObjectMapping: 0.079000 ms MarkObjects: 2.358700 ms  DeleteObjects: 1.272600 ms)

========================================================================
Received Prepare
Registering precompiled user dll's ...
Registered in 0.004471 seconds.
Begin MonoManager ReloadAssembly
Native extension for WindowsStandalone target not found
Native extension for WebGL target not found
Refreshing native plugins compatible for Editor in 0.77 ms, found 0 plugins.
Preloading 0 native plugins for Editor in 0.00 ms.
Invoked RoslynAnalysisRunner static constructor.
RoslynAnalysisRunner will not be running.
RoslynAnalysisRunner has terminated.
Mono: successfully reloaded assembly
- Completed reload, in  0.785 seconds
Platform modules already initialized, skipping
Shader 'Universal Render Pipeline/Particles/Lit': fallback shader 'Universal Render Pipeline/Particles/SimpleLit' not found
Shader 'Universal Render Pipeline/Particles/Lit': fallback shader 'Universal Render Pipeline/Particles/SimpleLit' not found
Refreshing native plugins compatible for Editor in 0.79 ms, found 0 plugins.
Preloading 0 native plugins for Editor in 0.00 ms.
Unloading 2802 Unused Serialized files (Serialized files now loaded: 0)
System memory in use before: 127.7 MB.
System memory in use after: 125.9 MB.

Unloading 48 unused Assets to reduce memory usage. Loaded Objects now: 3355.
Total: 3.766900 ms (FindLiveObjects: 0.379200 ms CreateObjectMapping: 0.075400 ms MarkObjects: 1.754800 ms  DeleteObjects: 1.556500 ms)

========================================================================
Received Prepare
Registering precompiled user dll's ...
Registered in 0.004335 seconds.
Begin MonoManager ReloadAssembly
Native extension for WindowsStandalone target not found
Native extension for WebGL target not found
Refreshing native plugins compatible for Editor in 0.79 ms, found 0 plugins.
Preloading 0 native plugins for Editor in 0.00 ms.
Invoked RoslynAnalysisRunner static constructor.
RoslynAnalysisRunner will not be running.
RoslynAnalysisRunner has terminated.
Mono: successfully reloaded assembly
- Completed reload, in  0.735 seconds
Platform modules already initialized, skipping
Shader 'Universal Render Pipeline/Particles/Lit': fallback shader 'Universal Render Pipeline/Particles/SimpleLit' not found
Shader 'Universal Render Pipeline/Particles/Lit': fallback shader 'Universal Render Pipeline/Particles/SimpleLit' not found
Refreshing native plugins compatible for Editor in 0.88 ms, found 0 plugins.
Preloading 0 native plugins for Editor in 0.00 ms.
Unloading 2802 Unused Serialized files (Serialized files now loaded: 0)
System memory in use before: 127.7 MB.
System memory in use after: 125.9 MB.

Unloading 48 unused Assets to reduce memory usage. Loaded Objects now: 3358.
Total: 3.828800 ms (FindLiveObjects: 0.366500 ms CreateObjectMapping: 0.081000 ms MarkObjects: 2.054400 ms  DeleteObjects: 1.325600 ms)

========================================================================
Received Prepare
Registering precompiled user dll's ...
Registered in 0.004371 seconds.
Begin MonoManager ReloadAssembly
Native extension for WindowsStandalone target not found
Native extension for WebGL target not found
Refreshing native plugins compatible for Editor in 0.91 ms, found 0 plugins.
Preloading 0 native plugins for Editor in 0.00 ms.
Invoked RoslynAnalysisRunner static constructor.
RoslynAnalysisRunner will not be running.
RoslynAnalysisRunner has terminated.
Mono: successfully reloaded assembly
- Completed reload, in  0.808 seconds
Platform modules already initialized, skipping
Shader 'Universal Render Pipeline/Particles/Lit': fallback shader 'Universal Render Pipeline/Particles/SimpleLit' not found
Shader 'Universal Render Pipeline/Particles/Lit': fallback shader 'Universal Render Pipeline/Particles/SimpleLit' not found
Refreshing native plugins compatible for Editor in 0.78 ms, found 0 plugins.
Preloading 0 native plugins for Editor in 0.00 ms.
Unloading 2802 Unused Serialized files (Serialized files now loaded: 0)
System memory in use before: 127.8 MB.
System memory in use after: 126.0 MB.

Unloading 48 unused Assets to reduce memory usage. Loaded Objects now: 3361.
Total: 3.834300 ms (FindLiveObjects: 0.325300 ms CreateObjectMapping: 0.090300 ms MarkObjects: 2.089200 ms  DeleteObjects: 1.328600 ms)

========================================================================
Received Prepare
Registering precompiled user dll's ...
Registered in 0.004400 seconds.
Begin MonoManager ReloadAssembly
Native extension for WindowsStandalone target not found
Native extension for WebGL target not found
Refreshing native plugins compatible for Editor in 0.80 ms, found 0 plugins.
Preloading 0 native plugins for Editor in 0.00 ms.
Invoked RoslynAnalysisRunner static constructor.
RoslynAnalysisRunner will not be running.
RoslynAnalysisRunner has terminated.
Mono: successfully reloaded assembly
- Completed reload, in  0.747 seconds
Platform modules already initialized, skipping
Shader 'Universal Render Pipeline/Particles/Lit': fallback shader 'Universal Render Pipeline/Particles/SimpleLit' not found
Shader 'Universal Render Pipeline/Particles/Lit': fallback shader 'Universal Render Pipeline/Particles/SimpleLit' not found
Refreshing native plugins compatible for Editor in 0.80 ms, found 0 plugins.
Preloading 0 native plugins for Editor in 0.00 ms.
Unloading 2802 Unused Serialized files (Serialized files now loaded: 0)
System memory in use before: 127.8 MB.
System memory in use after: 126.0 MB.

Unloading 48 unused Assets to reduce memory usage. Loaded Objects now: 3364.
Total: 3.540400 ms (FindLiveObjects: 0.367800 ms CreateObjectMapping: 0.076200 ms MarkObjects: 1.753600 ms  DeleteObjects: 1.341800 ms)

========================================================================
Received Prepare
Registering precompiled user dll's ...
Registered in 0.004538 seconds.
Begin MonoManager ReloadAssembly
Native extension for WindowsStandalone target not found
Native extension for WebGL target not found
Refreshing native plugins compatible for Editor in 0.79 ms, found 0 plugins.
Preloading 0 native plugins for Editor in 0.00 ms.
Invoked RoslynAnalysisRunner static constructor.
RoslynAnalysisRunner will not be running.
RoslynAnalysisRunner has terminated.
Mono: successfully reloaded assembly
- Completed reload, in  0.744 seconds
Platform modules already initialized, skipping
Shader 'Universal Render Pipeline/Particles/Lit': fallback shader 'Universal Render Pipeline/Particles/SimpleLit' not found
Shader 'Universal Render Pipeline/Particles/Lit': fallback shader 'Universal Render Pipeline/Particles/SimpleLit' not found
Refreshing native plugins compatible for Editor in 0.82 ms, found 0 plugins.
Preloading 0 native plugins for Editor in 0.00 ms.
Unloading 2802 Unused Serialized files (Serialized files now loaded: 0)
System memory in use before: 127.7 MB.
System memory in use after: 126.0 MB.

Unloading 48 unused Assets to reduce memory usage. Loaded Objects now: 3367.
Total: 3.908200 ms (FindLiveObjects: 0.379700 ms CreateObjectMapping: 0.076100 ms MarkObjects: 2.097800 ms  DeleteObjects: 1.353100 ms)

========================================================================
Received Prepare
Registering precompiled user dll's ...
Registered in 0.004351 seconds.
Begin MonoManager ReloadAssembly
Native extension for WindowsStandalone target not found
Native extension for WebGL target not found
Refreshing native plugins compatible for Editor in 0.80 ms, found 0 plugins.
Preloading 0 native plugins for Editor in 0.00 ms.
Invoked RoslynAnalysisRunner static constructor.
RoslynAnalysisRunner will not be running.
RoslynAnalysisRunner has terminated.
Mono: successfully reloaded assembly
- Completed reload, in  0.753 seconds
Platform modules already initialized, skipping
Shader 'Universal Render Pipeline/Particles/Lit': fallback shader 'Universal Render Pipeline/Particles/SimpleLit' not found
Shader 'Universal Render Pipeline/Particles/Lit': fallback shader 'Universal Render Pipeline/Particles/SimpleLit' not found
Refreshing native plugins compatible for Editor in 0.79 ms, found 0 plugins.
Preloading 0 native plugins for Editor in 0.00 ms.
Unloading 2802 Unused Serialized files (Serialized files now loaded: 0)
System memory in use before: 127.8 MB.
System memory in use after: 126.0 MB.

Unloading 48 unused Assets to reduce memory usage. Loaded Objects now: 3370.
Total: 4.102100 ms (FindLiveObjects: 0.427000 ms CreateObjectMapping: 0.077500 ms MarkObjects: 2.236000 ms  DeleteObjects: 1.360200 ms)

========================================================================
Received Prepare
Registering precompiled user dll's ...
Registered in 0.004319 seconds.
Begin MonoManager ReloadAssembly
Native extension for WindowsStandalone target not found
Native extension for WebGL target not found
Refreshing native plugins compatible for Editor in 0.78 ms, found 0 plugins.
Preloading 0 native plugins for Editor in 0.00 ms.
Invoked RoslynAnalysisRunner static constructor.
RoslynAnalysisRunner will not be running.
RoslynAnalysisRunner has terminated.
Mono: successfully reloaded assembly
- Completed reload, in  0.752 seconds
Platform modules already initialized, skipping
Shader 'Universal Render Pipeline/Particles/Lit': fallback shader 'Universal Render Pipeline/Particles/SimpleLit' not found
Shader 'Universal Render Pipeline/Particles/Lit': fallback shader 'Universal Render Pipeline/Particles/SimpleLit' not found
Refreshing native plugins compatible for Editor in 0.84 ms, found 0 plugins.
Preloading 0 native plugins for Editor in 0.00 ms.
Unloading 2802 Unused Serialized files (Serialized files now loaded: 0)
System memory in use before: 127.8 MB.
System memory in use after: 126.0 MB.

Unloading 48 unused Assets to reduce memory usage. Loaded Objects now: 3373.
Total: 4.339300 ms (FindLiveObjects: 0.519500 ms CreateObjectMapping: 0.079200 ms MarkObjects: 2.246500 ms  DeleteObjects: 1.492500 ms)

========================================================================
Received Prepare
Registering precompiled user dll's ...
Registered in 0.004530 seconds.
Begin MonoManager ReloadAssembly
Native extension for WindowsStandalone target not found
Native extension for WebGL target not found
Refreshing native plugins compatible for Editor in 0.79 ms, found 0 plugins.
Preloading 0 native plugins for Editor in 0.00 ms.
Invoked RoslynAnalysisRunner static constructor.
RoslynAnalysisRunner will not be running.
RoslynAnalysisRunner has terminated.
Mono: successfully reloaded assembly
- Completed reload, in  0.743 seconds
Platform modules already initialized, skipping
Shader 'Universal Render Pipeline/Particles/Lit': fallback shader 'Universal Render Pipeline/Particles/SimpleLit' not found
Shader 'Universal Render Pipeline/Particles/Lit': fallback shader 'Universal Render Pipeline/Particles/SimpleLit' not found
Refreshing native plugins compatible for Editor in 0.83 ms, found 0 plugins.
Preloading 0 native plugins for Editor in 0.00 ms.
Unloading 2802 Unused Serialized files (Serialized files now loaded: 0)
System memory in use before: 127.8 MB.
System memory in use after: 126.0 MB.

Unloading 48 unused Assets to reduce memory usage. Loaded Objects now: 3376.
Total: 3.927600 ms (FindLiveObjects: 0.485700 ms CreateObjectMapping: 0.077000 ms MarkObjects: 2.023900 ms  DeleteObjects: 1.339600 ms)

========================================================================
Received Prepare
Registering precompiled user dll's ...
Registered in 0.004423 seconds.
Begin MonoManager ReloadAssembly
Native extension for WindowsStandalone target not found
Native extension for WebGL target not found
Refreshing native plugins compatible for Editor in 0.78 ms, found 0 plugins.
Preloading 0 native plugins for Editor in 0.00 ms.
Invoked RoslynAnalysisRunner static constructor.
RoslynAnalysisRunner will not be running.
RoslynAnalysisRunner has terminated.
Mono: successfully reloaded assembly
- Completed reload, in  0.733 seconds
Platform modules already initialized, skipping
Shader 'Universal Render Pipeline/Particles/Lit': fallback shader 'Universal Render Pipeline/Particles/SimpleLit' not found
Shader 'Universal Render Pipeline/Particles/Lit': fallback shader 'Universal Render Pipeline/Particles/SimpleLit' not found
Refreshing native plugins compatible for Editor in 0.79 ms, found 0 plugins.
Preloading 0 native plugins for Editor in 0.00 ms.
Unloading 2802 Unused Serialized files (Serialized files now loaded: 0)
System memory in use before: 127.8 MB.
System memory in use after: 126.0 MB.

Unloading 48 unused Assets to reduce memory usage. Loaded Objects now: 3379.
Total: 3.657600 ms (FindLiveObjects: 0.294100 ms CreateObjectMapping: 0.076000 ms MarkObjects: 1.989300 ms  DeleteObjects: 1.297300 ms)

========================================================================
Received Prepare
Registering precompiled user dll's ...
Registered in 0.004354 seconds.
Begin MonoManager ReloadAssembly
Native extension for WindowsStandalone target not found
Native extension for WebGL target not found
Refreshing native plugins compatible for Editor in 0.79 ms, found 0 plugins.
Preloading 0 native plugins for Editor in 0.00 ms.
Invoked RoslynAnalysisRunner static constructor.
RoslynAnalysisRunner will not be running.
RoslynAnalysisRunner has terminated.
Mono: successfully reloaded assembly
- Completed reload, in  0.727 seconds
Platform modules already initialized, skipping
Shader 'Universal Render Pipeline/Particles/Lit': fallback shader 'Universal Render Pipeline/Particles/SimpleLit' not found
Shader 'Universal Render Pipeline/Particles/Lit': fallback shader 'Universal Render Pipeline/Particles/SimpleLit' not found
Refreshing native plugins compatible for Editor in 0.79 ms, found 0 plugins.
Preloading 0 native plugins for Editor in 0.00 ms.
Unloading 2802 Unused Serialized files (Serialized files now loaded: 0)
System memory in use before: 127.8 MB.
System memory in use after: 126.0 MB.

Unloading 48 unused Assets to reduce memory usage. Loaded Objects now: 3382.
Total: 3.869000 ms (FindLiveObjects: 0.462700 ms CreateObjectMapping: 0.077600 ms MarkObjects: 1.982400 ms  DeleteObjects: 1.344000 ms)

========================================================================
Received Prepare
Registering precompiled user dll's ...
Registered in 0.004370 seconds.
Begin MonoManager ReloadAssembly
Native extension for WindowsStandalone target not found
Native extension for WebGL target not found
Refreshing native plugins compatible for Editor in 0.76 ms, found 0 plugins.
Preloading 0 native plugins for Editor in 0.00 ms.
Invoked RoslynAnalysisRunner static constructor.
RoslynAnalysisRunner will not be running.
RoslynAnalysisRunner has terminated.
Mono: successfully reloaded assembly
- Completed reload, in  0.741 seconds
Platform modules already initialized, skipping
Shader 'Universal Render Pipeline/Particles/Lit': fallback shader 'Universal Render Pipeline/Particles/SimpleLit' not found
Shader 'Universal Render Pipeline/Particles/Lit': fallback shader 'Universal Render Pipeline/Particles/SimpleLit' not found
Refreshing native plugins compatible for Editor in 0.86 ms, found 0 plugins.
Preloading 0 native plugins for Editor in 0.00 ms.
Unloading 2802 Unused Serialized files (Serialized files now loaded: 0)
System memory in use before: 127.8 MB.
System memory in use after: 126.0 MB.

Unloading 48 unused Assets to reduce memory usage. Loaded Objects now: 3385.
Total: 3.886900 ms (FindLiveObjects: 0.389300 ms CreateObjectMapping: 0.078400 ms MarkObjects: 2.105100 ms  DeleteObjects: 1.312300 ms)

AssetImportWorkerClient::OnTransportError - code=2 error=End of file
